2024/09/29 09:30:16 Error loading .env file
2024/09/29 09:30:24 Error loading .env file
2024/09/29 09:30:53 Error loading .env file
2024/09/29 09:31:45 Error loading .env file
2024/09/29 09:31:49 Error loading .env file
2024/09/29 09:33:17 Error loading .env file
2024/09/29 10:09:12 
2024/09/29 10:09:19 jkmi68ye!
2024/09/29 15:26:26 200 OK
2024/09/29 15:26:55 &{200 OK 200 HTTP/1.1 1 1 map[Connection:[keep-alive] Content-Length:[17] Content-Type:[application/json] Date:[Sun, 29 Sep 2024 12:26:48 GMT] Keep-Alive:[timeout=5] Set-Cookie:[connect.sid=s%3APFVlLs0pDhHgeWjfyjVGE04AzCOnBM7l.57CrVWlEVaiOYv3luAsNO2FsdOOTAtvyYK0UT6K%2FTKk; Path=/; HttpOnly]] 0xc0000a4040 17 [] false false map[] 0xc00013cc60 <nil>}
2024/09/29 15:27:25 &{200 OK 200 HTTP/1.1 1 1 map[Connection:[keep-alive] Content-Length:[17] Content-Type:[application/json] Date:[Sun, 29 Sep 2024 12:27:18 GMT] Keep-Alive:[timeout=5] Set-Cookie:[connect.sid=s%3AvvcD_fW0upc8e3wiBhLWIPW2B4FMm_vb.gyg599t1SUsNUcTB%2FEtHZQrAwCl1E4KZ5%2BlQupXlp9w; Path=/; HttpOnly]] 0xc00019a040 17 [] false false map[] 0xc00013cc60 <nil>}
2024/09/29 15:28:49 200 OK
2024/09/29 15:29:32 401 Unauthorized
2024/10/02 11:56:11 200 OK
2024/10/02 11:57:32 200 OK
2024/10/02 11:58:04 200 OK
2024/10/02 11:58:39 200 OK
2024/10/02 11:58:46 401 Unauthorized
2024/10/02 12:00:12 200 OK
2024/10/02 12:09:32 200 OK
2024/10/02 12:10:10 200 OK
2024/10/02 12:11:21 200 OK
2024/10/02 12:11:54 200 OK
2024/10/02 12:12:33 200 OK
2024/10/02 12:12:47 200 OK
2024/10/04 16:45:40 connect.sid=s%3AgNUrVPlr3TBGGzl-eSF647xjMgg5M_CX.QAgKtyZDQK9gu58W85VpJCgMWTfB%2FK8tpuItPuy1PSA; Path=/; HttpOnly
2024/10/04 16:45:47 connect.sid=s%3AnPyOF1b-rtb-oK_2tWnncbifjTPsUB0N.3lDBoVnxy2uiyg3CslxqOQPW%2B%2FbGm453NGj%2BukbNBSU; Path=/; HttpOnly
2024/10/04 17:05:49 &{200 OK 200 HTTP/1.1 1 1 map[Connection:[keep-alive] Content-Type:[application/json] Date:[Fri, 04 Oct 2024 14:05:47 GMT] Keep-Alive:[timeout=5]] 0xc000222040 -1 [chunked] false false map[] 0xc00006a240 <nil>}
2024/10/04 17:05:49 connect.sid=s%3AFwGY8OMBsccA0KFlOfOos4MnknSz66jg.nJQtDcRPLGew7o5G43V%2BfYyjYNQY4iQDE6846MhaSj4; Path=/; HttpOnly
2024/10/04 17:05:56 &{200 OK 200 HTTP/1.1 1 1 map[Connection:[keep-alive] Content-Type:[application/json] Date:[Fri, 04 Oct 2024 14:05:54 GMT] Keep-Alive:[timeout=5]] 0xc00018e040 -1 [chunked] false false map[] 0xc000092360 <nil>}
2024/10/04 17:05:56 connect.sid=s%3AEuTNViZEWuYQV8wUe4yGaII7aj2W8H6d.AZfolpHX2SO%2BPHP0cbmEowvuecc9qlrSNoy5iJCbebs; Path=/; HttpOnly
2024/10/04 17:07:29 {"success":true}
2024/10/04 17:14:16 {"success":true}
2024/10/04 17:58:59 {"success":true}
2024/10/04 17:58:59 true
2024/10/04 23:01:40 {"success":true}
2024/10/04 23:01:40 true
2024/10/04 23:02:13 true
2024/10/04 23:02:28 true
2024/10/04 23:02:54 true
2024/10/04 23:04:05 true
2024/10/04 23:04:05 &{500 Internal Server Error 500 HTTP/1.1 1 1 map[Connection:[keep-alive] Content-Type:[application/json] Date:[Fri, 04 Oct 2024 20:04:02 GMT] Keep-Alive:[timeout=5] Set-Cookie:[connect.sid=s%3A_m_KGGPFPUMZ5uG89bpbLbZpfqYUoWRq.gG2cmVjONHg16S5%2BnPug6EYD1xIHbP9SAsepLvmZjy4; Path=/; HttpOnly]] 0xc00009e4c0 -1 [chunked] false false map[] 0xc00006a6c0 <nil>} 1
2024/10/04 23:05:12 true
2024/10/04 23:05:12 &{500 Internal Server Error 500 HTTP/1.1 1 1 map[Connection:[keep-alive] Content-Type:[application/json] Date:[Fri, 04 Oct 2024 20:05:09 GMT] Keep-Alive:[timeout=5] Set-Cookie:[connect.sid=s%3AgoObkXl4uXTYvmkprmgdDnZHKcJWY9wu.s3%2F4gN3tHYFxNW%2FZLiNl6a9wLENp%2BoTzlWTOJRjUiT0; Path=/; HttpOnly]] 0xc000196040 -1 [chunked] false false map[] 0xc000118900 <nil>} 1
2024/10/04 23:05:12 connect.sid=s%3Ah-oRe3DGA_HEEq6hqStJFvtNPuzQV9cT.5tUrzM12lqOepAj%2FTcIeLzcRBADvjMZ932Vt1NEiWLY; Path=/; HttpOnly
2024/10/04 23:07:47 Клиент true
2024/10/04 23:07:48 Клиент лист функция GET &{500 Internal Server Error 500 HTTP/1.1 1 1 map[Connection:[keep-alive] Content-Type:[application/json] Date:[Fri, 04 Oct 2024 20:07:44 GMT] Keep-Alive:[timeout=5] Set-Cookie:[connect.sid=s%3AUiIq9_FOhlo3L64HlfK-3A8QmfswchPw.ctlIWd1WEXKV8t1ycQQZxE%2B3cLP9GlXazVNPfUPWXCY; Path=/; HttpOnly]] 0xc00009e4c0 -1 [chunked] false false map[] 0xc000078000 <nil>}
2024/10/04 23:07:48 Куки connect.sid=s%3AWckF7dsIB4qVdc-khi0T12qDONRlCwgH.DUwhqk3LithZV%2BEZIAgWAccmrno7cil8xgN7z66XWhg; Path=/; HttpOnly
2024/10/04 23:09:49 Клиент true
2024/10/04 23:09:49 Куки connect.sid=s%3AsNo4kL61loDzh4kNPZL4LFrlC0gXAAzO.iKUPurUlsh8QW4WHXVkXR%2B%2BXOFSYztkpru501ZZxT0s; Path=/; HttpOnly
2024/10/04 23:09:49 Клиент лист функция GET &{500 Internal Server Error 500 HTTP/1.1 1 1 map[Connection:[keep-alive] Content-Type:[application/json] Date:[Fri, 04 Oct 2024 20:09:46 GMT] Keep-Alive:[timeout=5] Set-Cookie:[connect.sid=s%3AI0mTfOIcMMvzYyAIKOEkpoJKQF9Mkegv.rsz0rP1n114hSBKXDMKZRYnBDWVw0DSmi6pqlRKzpVY; Path=/; HttpOnly]] 0xc00019e240 -1 [chunked] false false map[] 0xc0000d2900 <nil>}
2024/10/04 23:41:16 Куки connect.sid=s%3A3f4EU070ukhZkkR-tAz9rU3gIlKO49et.sI2eHQzEzneFv9Gc1qnQGwjrfKFgWtun1wgyiGz0r%2Bw; Path=/; HttpOnly
2024/10/04 23:41:16 Клиент true
2024/10/04 23:42:14 Куки connect.sid=s%3AD3KRUeCwlImWdP71J74vkiMod5RWwwgX.oVrz%2BfsaHoiQfMYvGNEFngg3cRvi%2B5UlQ2c56tV7sew; Path=/; HttpOnly
2024/10/04 23:42:14 Клиент true
2024/10/04 23:43:13 Куки connect.sid=s%3ARzEDlpefYCIgMKwroNlHi-0SAf_x5LMu.%2FaOjsmZxsUj%2B%2BvtMlGTmOppcS3D0sWyGiyIY6OnjvGI; Path=/; HttpOnly
2024/10/04 23:43:13 Клиент true
2024/10/04 23:43:50 Куки connect.sid=s%3AC0k5A0ZmqJjRvXD6evVWNMSLlY_M4gon.I5y5qW1CLTcO6Y8iGqkDI2%2BZcqOtQRApZbmMMFYINhA; Path=/; HttpOnly
2024/10/04 23:43:50 Клиент true
2024/10/04 23:43:50 Клиент лист функция GET &{500 Internal Server Error 500 HTTP/1.1 1 1 map[Connection:[keep-alive] Content-Type:[application/json] Date:[Fri, 04 Oct 2024 20:43:47 GMT] Keep-Alive:[timeout=5] Set-Cookie:[connect.sid=s%3AjZbcFv1dPzyVrbin9es0pL0m0SZpY2Lc.25ayUHaFEmKnJ8SxJO5SAAgi26eo3Ugz7o6piiTioew; Path=/; HttpOnly]] 0xc0000940c0 -1 [chunked] false false map[] 0xc0001c6000 <nil>}
2024/10/04 23:44:07 Куки connect.sid=s%3AEouA8x6npfKaaAZXrGU6V6BQ-9KVIO9d.WsK89LaUh8N0R2U8AIhhgknJiTZeJ4CZawbKxe5cC1g; Path=/; HttpOnly
2024/10/04 23:44:07 Клиент true
2024/10/04 23:44:07 sadas 500
2024/10/04 23:44:07 Клиент лист функция GET &{500 Internal Server Error 500 HTTP/1.1 1 1 map[Connection:[keep-alive] Content-Type:[application/json] Date:[Fri, 04 Oct 2024 20:44:03 GMT] Keep-Alive:[timeout=5] Set-Cookie:[connect.sid=s%3AzRWgEp5bryuGYzpcOjEdhR_Ig2kc1Jtr.qZlmEVARJrRZyaZeRfpmuYjjuNqPi1Gl70FFCDu8R%2BA; Path=/; HttpOnly]] 0xc0002160c0 -1 [chunked] false false map[] 0xc0000d2900 <nil>}
2024/10/04 23:47:41 Add client response body &{0xc00002e480 {0 0} true 0x60b110 <nil> 0x34c8e0}
2024/10/04 23:47:41 Куки connect.sid=s%3Aw3QFtLE9IFG3Sz9Qnj-npTKfeMrv3oI6.M6yLZlM1FABU3ml6tEAE%2BNkGywZbHrX7VBXCY%2BIoMhc; Path=/; HttpOnly
2024/10/04 23:47:41 Клиент true
2024/10/04 23:50:06 Куки connect.sid=s%3AOojpzIqEOyeIcaCiBkqkVsDiIGbJMwDf.WzWZPiYzOa6BuOZGehYQKyeudzF4a5kAJaK1FojCz0Y; Path=/; HttpOnly
2024/10/04 23:50:06 Клиент true
2024/10/04 23:50:07 &{500 Internal Server Error 500 HTTP/1.1 1 1 map[Connection:[keep-alive] Content-Type:[application/json] Date:[Fri, 04 Oct 2024 20:50:03 GMT] Keep-Alive:[timeout=5] Set-Cookie:[connect.sid=s%3A7ClCYiDPFu8Hx7rvZ9lzjudTvw2HpY7Q.%2FMlaYWBuQRcjF0zyAuNKKJTDBCj3u%2FmwwJ4jKSNscN8; Path=/; HttpOnly]] 0xc000190100 -1 [chunked] false false map[] 0xc0000d3200 <nil>}
2024/10/04 23:55:04 Куки connect.sid=s%3AenXtOjkt26XJvN22OcGZH-gwGxrzZRfv.%2BdZ0sn0yHRngT7rMMPr5J2RbHfdiKISIY6M8LxvOKp4; Path=/; HttpOnly
2024/10/04 23:55:04 Клиент true
2024/10/04 23:55:04 &{200 OK 200 HTTP/1.1 1 1 map[Connection:[keep-alive] Content-Type:[application/json] Date:[Fri, 04 Oct 2024 20:55:01 GMT] Keep-Alive:[timeout=5]] 0xc00009e480 -1 [chunked] false false map[] 0xc00018c7e0 <nil>}
2024/10/04 23:55:29 Куки connect.sid=s%3AkiYZWFuCoKwjxyDaPiIBfFIxN9wLSthW.7p9LAjI499oz2Kjuk6Gqg0d9krTcDOjBdw7LbqJ0L6o; Path=/; HttpOnly
2024/10/04 23:55:29 Клиент true
2024/10/04 23:55:29 Клиент лист респонс &{200 OK 200 HTTP/1.1 1 1 map[Connection:[keep-alive] Content-Type:[application/json] Date:[Fri, 04 Oct 2024 20:55:25 GMT] Keep-Alive:[timeout=5]] 0xc00009e580 -1 [chunked] false false map[] 0xc0000d2a20 <nil>}
2024/10/04 23:56:36 Куки connect.sid=s%3AVDmK6CMmhaOGxNJr80NMfqQu6cSAseaj.BwwrPlUDCdcSJHJkGCREeDD1uCR3RyYaQSrCx81Y5L4; Path=/; HttpOnly
2024/10/04 23:56:36 Клиент true
2024/10/04 23:56:36 Клиент лист респонс &{200 OK 200 HTTP/1.1 1 1 map[Connection:[keep-alive] Content-Type:[application/json] Date:[Fri, 04 Oct 2024 20:56:32 GMT] Keep-Alive:[timeout=5]] 0xc00002e100 -1 [chunked] false false map[] 0xc0000d3320 <nil>}
2024/10/04 23:57:06 Куки connect.sid=s%3AMYkTlBmctgNVe5BrAvc07WiusN4FfuXk.RMCnWz7ZsyavIidwJyimGDq9Ah0W3sVqPqF3M0pt9JQ; Path=/; HttpOnly
2024/10/04 23:57:06 Клиент true
2024/10/04 23:57:07 Клиент лист респонс &{500 Internal Server Error 500 HTTP/1.1 1 1 map[Connection:[keep-alive] Content-Type:[application/json] Date:[Fri, 04 Oct 2024 20:57:02 GMT] Keep-Alive:[timeout=5]] 0xc00002e580 -1 [chunked] false false map[] 0xc0001c8120 <nil>}
2024/10/04 23:57:18 Куки connect.sid=s%3A3wtGZSQQexJBgppiLZp2JezkN2sBR-S_.20bvfLdWiv381gl2cFANaqR%2FkVXVlFUZmIuja3qhICU; Path=/; HttpOnly
2024/10/04 23:57:18 Клиент true
2024/10/04 23:57:19 Клиент лист респонс &{200 OK 200 HTTP/1.1 1 1 map[Connection:[keep-alive] Content-Type:[application/json] Date:[Fri, 04 Oct 2024 20:57:15 GMT] Keep-Alive:[timeout=5]] 0xc00018e040 -1 [chunked] false false map[] 0xc000098fc0 <nil>}
2024/10/04 23:57:42 Куки connect.sid=s%3A1UQFe3ldItohamqCr0iGykFcHnsdQWZE.3Rl0ZgTM6JytHuy9bdjGhwsgftCKYvXIuDCSn4clv88; Path=/; HttpOnly
2024/10/04 23:57:42 Клиент true
2024/10/04 23:57:42 Клиент лист респонс &{0xc00019a180 {0 0} true 0x6ec110 <nil> 0x42c8e0}
2024/10/04 23:58:46 Куки connect.sid=s%3A1D2MO_Hi_mI9uq2Qcru80RFDVRVXe7IS.%2F2fxxvKP%2Fs0%2BcCrSIx2RD3cVpK1y1HjpDjVsMylD7wE; Path=/; HttpOnly
2024/10/04 23:58:46 Клиент true
2024/10/04 23:58:46 Клиент лист респонс map[Connection:[keep-alive] Content-Type:[application/json] Date:[Fri, 04 Oct 2024 20:58:42 GMT] Keep-Alive:[timeout=5]]
2024/10/05 00:03:36 Куки connect.sid=s%3AGFeqrIzL4NUSdgYt5Ynliqlye5Ep1ns4.Gkao9ezq3uO%2Ba5jU7rgbAgDDTJ1Q6b2n08poDHeAuJM; Path=/; HttpOnly
2024/10/05 00:03:36 Клиент true
2024/10/05 00:03:37 Клиент лист респонс &{0xc0000a41c0 {0 0} true 0x80c110 <nil> 0x54c8e0}
2024/10/05 00:04:40 Куки connect.sid=s%3A1M7EOETePiZHcNIST9bAl_tzNsOsDeFz.22TlOQ7pDOltBGm8TrKfw4ry8BJ8XCuQX4zHcxPbFkE; Path=/; HttpOnly
2024/10/05 00:04:40 Клиент true
2024/10/05 00:04:41 Клиент лист респонс &{0xc00018c000 {0 0} true 0x86c110 <nil> 0x5ac8e0}
2024/10/05 00:05:06 Куки connect.sid=s%3AF_yaH3E2HiYXS38_AsZF01iH8f6NMX9f.qJ9BaGI9eU2KyDBCMWC7YOIaHhub4V8TFh74uJdTEVw; Path=/; HttpOnly
2024/10/05 00:05:06 Клиент true
2024/10/05 00:05:06 &{400 Bad Request 400 HTTP/1.1 1 1 map[] 0xc0000a41c0 -1 [] true false map[] 0xc000118a20 <nil>}
2024/10/05 00:05:21 Куки connect.sid=s%3A6GygUz6knMjHjIt7ytO3sGo8MGp16GKC.2UZY4TfqC8cVLN2G%2FJ%2B3viRfpm%2BW4T5j%2FXie2Vz9hCU; Path=/; HttpOnly
2024/10/05 00:05:21 Клиент true
2024/10/05 00:05:22 &{200 OK 200 HTTP/1.1 1 1 map[Connection:[keep-alive] Content-Type:[application/json] Date:[Fri, 04 Oct 2024 21:05:17 GMT] Keep-Alive:[timeout=5]] 0xc00009a080 -1 [chunked] false false map[] 0xc0001c6120 <nil>}
2024/10/05 00:07:03 Куки connect.sid=s%3AjfjBOWBSY-6dy7yvHDtcFZQhvHjaUW7p.PJdnfOMDIjeatNKDSCfJ5jHk8gPiTVSw5AIrvpn0Tvc; Path=/; HttpOnly
2024/10/05 00:07:03 Клиент true
2024/10/05 00:07:03 &{200 OK 200 HTTP/1.1 1 1 map[Connection:[keep-alive] Content-Type:[application/json] Date:[Fri, 04 Oct 2024 21:06:59 GMT] Keep-Alive:[timeout=5]] 0xc00002e540 -1 [chunked] false false map[] 0xc000118a20 <nil>}
2024/10/05 00:12:45 Куки connect.sid=s%3Ao5Lf_w1VKtT2CrxtaLOOM_0ltcbNcxJ5.KPjOVreVYwYq9N6s4ltWeZ4EdTwheV3fy9VJ0x%2FPUpQ; Path=/; HttpOnly
2024/10/05 00:12:45 Клиент true
2024/10/05 00:12:46 &{200 OK 200 HTTP/1.1 1 1 map[Connection:[keep-alive] Content-Type:[application/json] Date:[Fri, 04 Oct 2024 21:12:42 GMT] Keep-Alive:[timeout=5]] 0xc0001a2040 -1 [chunked] false false map[] 0xc000118a20 <nil>}
2024/10/05 00:31:54 Куки connect.sid=s%3AfzyQrOO-Hr1rq7VZ6sEnr-6SEgqAIf1W.dLswpUtDbmolN1mbJlFcMxRB4Sm%2BxbNUCP%2BBMAmSCvE; Path=/; HttpOnly
2024/10/05 00:31:54 Клиент true
2024/10/05 00:31:55 &{0xc00009e440 {0 0} true 0xf5c110 <nil> 0xc9c8e0}
2024/10/05 00:32:10 Куки connect.sid=s%3AOpBmQA2uvrqYG0DLIDU-OGfl-hNOn9ZV.%2FE80gF2pivdSmNsSw7lGlIvcBe82sPM%2Bl%2B7WJyJ0bwo; Path=/; HttpOnly
2024/10/05 00:32:10 Клиент true
2024/10/05 00:42:39 Куки connect.sid=s%3AWRFMmJZ4gLCAqi1U6qtMFuLmxrtu1XC3.pM3UCY5ZsvUfUMyd4Zg55UHcAfsYxhTy7Hf3PevJrlI; Path=/; HttpOnly
2024/10/05 00:42:39 Клиент true
2024/10/05 00:42:50 Куки connect.sid=s%3A27ZdJGntS0eUiHUSvvfZcAMEMfZXPGxs.rd3mb9H75EuF%2FPC9rngFRf%2FTqjVXPcu3pL8BJFl2Lm4; Path=/; HttpOnly
2024/10/05 00:42:50 Клиент true
2024/10/05 00:44:05 Куки connect.sid=s%3AgsSwCNZlKQlJUXo_PS8Em528scxc21xD.5c5%2Bng5So46dfst12Nb3sWYX8uPCGV2qEQds2xcGpgo; Path=/; HttpOnly
2024/10/05 00:44:05 Клиент true
2024/10/05 00:44:17 Куки connect.sid=s%3AksquteTYq9jdJZWlTUH8sERhI0k6RUcv.5gQpXzw%2Bu6Zmj38CPW0vEhW14cgRHIULT8%2BOi0yLY8M; Path=/; HttpOnly
2024/10/05 00:44:17 Клиент true
2024/10/05 00:44:27 Куки connect.sid=s%3AXxHPCRZRO_b5x_3rqHS9Edhm5DVNbVxY.HWWAwwTtGxmnna1wf5mL7tNJxGh6yu7IgUUjJYvqQDU; Path=/; HttpOnly
2024/10/05 00:44:27 Клиент true
2024/10/05 00:44:40 Куки connect.sid=s%3Au5sa3W3DIqAyy6HsWXdwjkA4Pj5YQoRW.yTScksPi3dF%2BzCxaEJxWXC8DBUZeNC0hrPlg8WPUHOQ; Path=/; HttpOnly
2024/10/05 00:44:40 Клиент true
2024/10/05 00:45:16 Куки connect.sid=s%3Av0r12hkvGbB7_osFHa0y4Cz7WnOi5zw1.exsgIaxGuqtU8Xa2TPHvt7Oi0nuvsCxHtlzd6%2B%2FEqF0; Path=/; HttpOnly
2024/10/05 00:45:16 Клиент true
2024/10/05 00:46:44 Куки connect.sid=s%3ACsx147U4chxdKZk7wUKgGAOPK2UXwqsd.tC%2BaHtGrTg01AL3LNjG0LFPhBO6Z4F9Eud3%2B5hEKGAE; Path=/; HttpOnly
2024/10/05 00:46:44 Клиент true
2024/10/05 00:49:30 Куки connect.sid=s%3AQdc6Vdcrvxkt17CHKfcNDjPZSboBg7Kj.XeYMgP1t2josTuSwcRmjt6Ef1yhEO%2FaxkwXCX6PGkYM; Path=/; HttpOnly
2024/10/05 00:49:30 Клиент true
2024/10/05 00:49:58 Куки connect.sid=s%3AsXqjaL1nSVOj9fhhEyloxLtfuXvl37kU.0KBNJygvH3X6rQ7o3YZJRDn7v5icolEHgItYugDkH9c; Path=/; HttpOnly
2024/10/05 00:49:58 Клиент true
2024/10/05 00:50:41 Куки connect.sid=s%3ARUZQh54sOC7dfpoEkGk3mwAFIfl7eApL.XPawPPnU4G5WwmXenD%2B3bkftF1yYpRf6u5VAgfL%2Fz5E; Path=/; HttpOnly
2024/10/05 00:50:41 Клиент true
2024/10/05 00:51:02 Куки connect.sid=s%3AZEwqesKkocvLaRx15oPrfOaa_A6cmwA0.waIPYC4tWI9eqFKLqbBFGCpwFMDhi7MnNVLeYU%2Bej%2Fs; Path=/; HttpOnly
2024/10/05 00:51:02 Клиент true
2024/10/05 00:51:18 Куки connect.sid=s%3AKztHVW3-53Yk7iwZge7db-SvbMtMPj7I.LctXHnm55k0%2BmEkzpMJTQIl5RPK4FhoIyKV6mGZ0HWI; Path=/; HttpOnly
2024/10/05 00:51:18 Клиент true
2024/10/05 00:52:18 Куки connect.sid=s%3Aqs72A27SUa9DSL2WrxEnnp90jrQpNnOT.kHBD9ay6F64ULGZBUj3MhDPV57xNjOA3Iz8RX58pumQ; Path=/; HttpOnly
2024/10/05 00:52:18 Клиент true
2024/10/05 00:52:28 Куки connect.sid=s%3AzauOQejxbeXmV8PwcJF25oZsRz_jMaRo.GuHQ0V7RDXEOXiqHi0gHGCXMsFlAHZE7rFjVOLH%2BssU; Path=/; HttpOnly
2024/10/05 00:52:28 Клиент true
2024/10/05 00:52:40 Куки connect.sid=s%3ASkL6BaY_DkbKfe4b5Ir8NrfNw353s_pZ.oA6xH4xUDv%2Bsg0hxT7kM7rMAeBu9bN4blDfb5hgNTQc; Path=/; HttpOnly
2024/10/05 00:52:40 Клиент true
2024/10/05 00:53:41 Куки connect.sid=s%3AkDQWxcxdUBffOzExOuL9LXO-yImvJR5I.LF2qZ5TMjhtQDGGm6uyfRjZVEsBmBUvMDKed%2BPSYzHI; Path=/; HttpOnly
2024/10/05 00:53:41 Клиент true
2024/10/05 00:53:59 Куки connect.sid=s%3A8nHXMufEdUycnFCSRFkD7daE811YdCdt.eArIXyrK7EHTY2QO4QPZRnq56r67KMA8aiQF%2FWCLxco; Path=/; HttpOnly
2024/10/05 00:53:59 Клиент true
2024/10/05 00:54:21 Куки connect.sid=s%3AegzlriAgvGT4wBFk880kvCl-1rBIWERL.P1895xmpyRO%2BCz5b0We1rc4bTbENGi9EoqDg1XeC%2BKk; Path=/; HttpOnly
2024/10/05 00:54:21 Клиент true
2024/10/05 00:54:40 Куки connect.sid=s%3AdcgEtumjwgzNJYQ7q_W_unEqBlp-_QOH.G1TLnSjPG5tDdJZC5%2B3JrT7AWJRt6EIO5QV1tcOj8l0; Path=/; HttpOnly
2024/10/05 00:54:40 Клиент true
2024/10/05 00:56:39 Куки connect.sid=s%3Ao86vsHm7ZHN6qztj70n0TNE8wzwZam58.MS92H5Zy4u65dHZjE0Nbawt2prAO3oj%2BwAaPWFp%2F3po; Path=/; HttpOnly
2024/10/05 00:56:39 Клиент true
2024/10/05 00:57:36 Куки connect.sid=s%3AmmgRrr5APLxp-uTB7JEqOphtV_iBNjix.zMZSFqczSUJlqH7TcudcjSd1yMxwypziR06V9FzlTKo; Path=/; HttpOnly
2024/10/05 00:57:36 Клиент true
2024/10/05 10:03:37 Куки connect.sid=s%3A4n5t4ZVIECYGfstzvuVteBCPW8FKETw2.sPlQinjhqDTRMcpOxyPka6SA%2BML8vSn085rUiYUlMQw; Path=/; HttpOnly
2024/10/05 10:03:37 Клиент true
2024/10/05 10:06:00 Куки connect.sid=s%3A30cVwD7S7gkAEHMYBwSvJSK81gJJG2Nv.JQJ%2ByicEQU72bPEfNPQEJ6ubUURPaHPIkboWopCwlvs; Path=/; HttpOnly
2024/10/05 10:06:00 Клиент true
2024/10/05 10:07:17 Куки connect.sid=s%3A83Fz_jV_H2HwaMXOSO-mDRLpzrALL_bC.zmxNU%2BMqyPgucjFgakz6eKUD6sG3l0YrK8dioE2MW1Q; Path=/; HttpOnly
2024/10/05 10:07:17 Клиент true
2024/10/05 10:07:17 []
2024/10/05 10:08:21 Куки connect.sid=s%3A50x-h9prncYOBJwbd21-WmUhG4H_JVgK.iGV8ElYTlnt7V6PcVhp7nSkhbvjY%2FSN7G196vn8ytAY; Path=/; HttpOnly
2024/10/05 10:08:21 Клиент true
2024/10/05 10:08:21 []
2024/10/05 10:09:05 Куки connect.sid=s%3A-Rem6pUuKH_W7X1A6rY4jwq15RUg8WBo.C9QMnl0AzD89c30KLRF7FJPTXrYLUQvk%2FzPZX5Cckfk; Path=/; HttpOnly
2024/10/05 10:09:05 Клиент true
2024/10/05 10:09:06 []
2024/10/05 10:09:56 Куки connect.sid=s%3A_vLonzsI32erUh34Nl_6Fko8htkTBnvJ.LfY%2BT1Su7g9Le5Y88jixp2YnZ1EzZ1h5zoYh20SFL2k; Path=/; HttpOnly
2024/10/05 10:09:56 Клиент true
2024/10/05 10:09:56 []
2024/10/05 10:11:50 Куки connect.sid=s%3AqXAKafKp5LO8FRPTm67QgyYA2RVNI5Vh.Uv66eK%2Bx54W%2FpzWiA6YKRUtHtIHgmO56WM1%2BizqJunM; Path=/; HttpOnly
2024/10/05 10:11:51 Клиент true
2024/10/05 10:13:55 Куки connect.sid=s%3AjFTSyv2JwSf0k5sjT4mDkgRXiLAVPWN-.kjv8ayvupNRYlzYxDVVDjrC63yva%2B83g4OKUgeBSjNY; Path=/; HttpOnly
2024/10/05 10:13:55 Клиент true
2024/10/05 10:18:23 Куки connect.sid=s%3AoL80cwETI85pjepUaowvr_gjI2Af4WJu.EGX5WmKWoUg7mokgLCgxXoKCum%2B0a8riKCIw90kt5xs; Path=/; HttpOnly
2024/10/05 10:18:23 Клиент true
2024/10/05 10:19:14 Куки connect.sid=s%3AGGH9hpyThTlETnhHA8I87mMEmUbiUgnT.Anag2yzSgKJXMI8gRamloQIA2bpibpSxc0bq6dZ2R%2FM; Path=/; HttpOnly
2024/10/05 10:19:14 Клиент true
2024/10/05 10:21:56 Куки connect.sid=s%3AZZfWecD0_Tv2dtyd1swowZL0M6D3TZR2.dtyN3ivVR7L9nD95Rhchy55Rzhry8tl8w48hVSAdtuk; Path=/; HttpOnly
2024/10/05 10:21:56 Клиент true
2024/10/05 10:23:13 Куки connect.sid=s%3ArsR-S4UYX_gYMNUf4-ATNZ3u8__5skFh.%2Ft0JLgPmF4btvmLXdnGINhmQ6onJrSwR5hxNVXVl3%2BM; Path=/; HttpOnly
2024/10/05 10:23:13 Клиент true
2024/10/05 10:24:27 Куки connect.sid=s%3AoFPB_GYdP4GuqNfp6cP4JxGF0vekff4m.ktgyghCyDGXTg%2FF9lS8Q6pypUTVXUwMNvo8iV0TYjIw; Path=/; HttpOnly
2024/10/05 10:24:27 Клиент true
2024/10/05 10:24:34 Куки connect.sid=s%3ApgnUO09HBjxPSvshZMqqoAQXUfrJcGC3.ArPZGLiedzMdTP5f10AwMM7n8DimdqMog4FzbARZp%2BA; Path=/; HttpOnly
2024/10/05 10:24:34 Клиент true
2024/10/05 10:26:38 Куки connect.sid=s%3A3NN8EX8iC6Nr-VafEHQ1d09zCzWIzlmg.%2B%2B7KTGYEteGTWhmyuCJaBWoS4CcOvFz9Sb%2BJI36gDEo; Path=/; HttpOnly
2024/10/05 10:26:38 Клиент true
2024/10/05 10:29:39 Куки connect.sid=s%3AIOAMVYwsXk_OqnyNd4xXzGuPPa7l8eMa.iWW4wqjaDbvS%2BiIPt4e2P8%2F8%2F0eyigh4UL4OnmVBE5g; Path=/; HttpOnly
2024/10/05 10:29:39 Клиент true
2024/10/05 10:29:54 Куки connect.sid=s%3A6yqhm7lY5Pu7sux1IVueiN56eMTeo9SZ.bCD%2Bh2BKGR%2B3XhnEVABa67sPSVAlWD1hb0HquVg6VMU; Path=/; HttpOnly
2024/10/05 10:29:54 Клиент true
2024/10/05 10:29:55 &{200 OK 200 HTTP/1.1 1 1 map[Connection:[keep-alive] Content-Type:[application/json] Date:[Sat, 05 Oct 2024 07:29:52 GMT] Keep-Alive:[timeout=5]] 0xc000226080 -1 [chunked] false false map[] 0xc0000c0120 <nil>}
2024/10/05 10:32:02 Куки connect.sid=s%3A_hQMjkff_K7T8awZdY3z5Y8W_9P_Ulx_.RA4V6bPvqRm2uFqULn3oBFz5VF8O0gl2MYmiPHTjLXc; Path=/; HttpOnly
2024/10/05 10:32:02 Клиент true
2024/10/05 10:32:02 &{200 OK 200 HTTP/1.1 1 1 map[Connection:[keep-alive] Content-Type:[application/json] Date:[Sat, 05 Oct 2024 07:32:00 GMT] Keep-Alive:[timeout=5]] 0xc00019a240 -1 [chunked] false false map[] 0xc000118a20 <nil>}
2024/10/05 10:32:48 Куки connect.sid=s%3AKnSdpevE1LOz8oH9GOr3JAtd7cMvAyAr.HjeMD0DSCmOCc7DKK68%2BPIQOXcmdTpF98OC40y0fkhA; Path=/; HttpOnly
2024/10/05 10:32:48 Клиент true
2024/10/05 10:32:48 &{200 OK 200 HTTP/1.1 1 1 map[Connection:[keep-alive] Content-Type:[application/json] Date:[Sat, 05 Oct 2024 07:32:46 GMT] Keep-Alive:[timeout=5]] 0xc00009e540 -1 [chunked] false false map[] 0xc0001c6120 <nil>}
2024/10/05 10:33:11 Куки connect.sid=s%3Ah-Aj6m2s2s3g_LG0qRJXspvTs4GcNVWt.%2FoSuXPlceDRQHiXdUutmhMfLAVhXlqkSVB%2F9JI6s1QA; Path=/; HttpOnly
2024/10/05 10:33:11 Клиент true
2024/10/05 10:33:12 &{200 OK 200 HTTP/1.1 1 1 map[Connection:[keep-alive] Content-Type:[application/json] Date:[Sat, 05 Oct 2024 07:33:09 GMT] Keep-Alive:[timeout=5]] 0xc00011a440 -1 [chunked] false false map[] 0xc0000926c0 <nil>}
2024/10/05 10:33:28 Куки connect.sid=s%3AhWukKfrtTFQKxPX8CmH-6z7wEZMgGXfu.QjFM%2FBzBpUz2q6Id7SIpdGyaS6NhhZPCmGt42f2Ww68; Path=/; HttpOnly
2024/10/05 10:33:28 Клиент true
2024/10/05 10:33:29 &{200 OK 200 HTTP/1.1 1 1 map[Connection:[keep-alive] Content-Type:[application/json] Date:[Sat, 05 Oct 2024 07:33:26 GMT] Keep-Alive:[timeout=5]] 0xc00018e040 -1 [chunked] false false map[] 0xc000118a20 <nil>}
2024/10/05 10:33:43 Куки connect.sid=s%3AGEbXp6UhLca9bqn3utmamjWDq9PnrZK3.PTlxrun%2FKyUqsagkHJE4wCtfzo0NOWsjrwSU11WFZy8; Path=/; HttpOnly
2024/10/05 10:33:43 Клиент true
2024/10/05 10:33:44 &{200 OK 200 HTTP/1.1 1 1 map[Connection:[keep-alive] Content-Type:[application/json] Date:[Sat, 05 Oct 2024 07:33:41 GMT] Keep-Alive:[timeout=5]] 0xc0000a41c0 -1 [chunked] false false map[] 0xc000118a20 <nil>}
2024/10/05 10:34:27 Куки connect.sid=s%3AXFKg-wj8bX7Urr_ftr3EK4fmQisyG1gZ.AMpaUGgGtyLETg41GbCNpaDiDgez7QIZ%2FuwxmmX4gD8; Path=/; HttpOnly
2024/10/05 10:34:27 Клиент true
2024/10/05 10:34:27 &{200 OK 200 HTTP/1.1 1 1 map[Connection:[keep-alive] Content-Type:[application/json] Date:[Sat, 05 Oct 2024 07:34:25 GMT] Keep-Alive:[timeout=5]] 0xc00028e040 -1 [chunked] false false map[] 0xc00024e120 <nil>}
2024/10/05 10:34:48 Куки connect.sid=s%3AjVP-F7yNq0Dbvt-jzWGM1eVDlz-tdd6T.J%2FS9CYGwI4PtIfr9s%2F190wMed2w91qAOMgG6jigGhLk; Path=/; HttpOnly
2024/10/05 10:34:48 Клиент true
2024/10/05 10:34:48 &{200 OK 200 HTTP/1.1 1 1 map[Connection:[keep-alive] Content-Type:[application/json] Date:[Sat, 05 Oct 2024 07:34:46 GMT] Keep-Alive:[timeout=5]] 0xc000196240 -1 [chunked] false false map[] 0xc000248120 <nil>}
2024/10/05 10:35:08 Куки connect.sid=s%3AovqFOjBZBYQcM2tLDPv9cucAkgj1Hytj.g0lvyr%2BzsNzV1CvLLjW03mSU9LNTiDyIDCTYCWOMLq8; Path=/; HttpOnly
2024/10/05 10:35:08 Клиент true
2024/10/05 10:35:08 &{200 OK 200 HTTP/1.1 1 1 map[Connection:[keep-alive] Content-Type:[application/json] Date:[Sat, 05 Oct 2024 07:35:05 GMT] Keep-Alive:[timeout=5]] 0xc0000960c0 -1 [chunked] false false map[] 0xc000222120 <nil>}
2024/10/05 10:36:30 Куки connect.sid=s%3ANkCBtH2uLW3qMu5KA_8IBR5Pe8YKxCez.CjC9k4voNZiRUKTQY2WP%2FmqM6zFWMJlvJtZdKDneaGY; Path=/; HttpOnly
2024/10/05 10:36:30 Клиент true
2024/10/05 10:36:30 &{200 OK 200 HTTP/1.1 1 1 map[Connection:[keep-alive] Content-Type:[application/json] Date:[Sat, 05 Oct 2024 07:36:27 GMT] Keep-Alive:[timeout=5]] 0xc00011e1c0 -1 [chunked] false false map[] 0xc0001ce120 <nil>}
2024/10/05 10:36:50 Куки connect.sid=s%3AENB_f3NKQBx8ChOC31ghszW_wTP3IIVs.BX1SNUiNT2PohXcTd53z1Dq3R5rJZQuo3fXwtGI%2Bq9s; Path=/; HttpOnly
2024/10/05 10:36:50 Клиент true
2024/10/05 10:36:50 &{200 OK 200 HTTP/1.1 1 1 map[Connection:[keep-alive] Content-Type:[application/json] Date:[Sat, 05 Oct 2024 07:36:48 GMT] Keep-Alive:[timeout=5]] 0xc00020e100 -1 [chunked] false false map[] 0xc0001b6120 <nil>}
2024/10/05 10:39:41 Куки connect.sid=s%3Apa-vOW5yQNMNp_pa5GhN0Vid2nrUvmB2.3%2B407OxfX10%2FtjKRIjkzSBApdFh8HZBjY%2FyvEuJrfDU; Path=/; HttpOnly
2024/10/05 10:39:41 Клиент true
2024/10/05 10:39:41 &{200 OK 200 HTTP/1.1 1 1 map[Connection:[keep-alive] Content-Type:[application/json] Date:[Sat, 05 Oct 2024 07:39:39 GMT] Keep-Alive:[timeout=5]] 0xc00002e680 -1 [chunked] false false map[] 0xc0000b6000 <nil>}
2024/10/05 10:40:01 Куки connect.sid=s%3A2wGykNd5RQ3WfPqSgwwRz8e48MkK2aXn.wbcXKwJqVeeHeHt43kncreJ%2FOFQmzp%2Fc%2BWAZe1O9sLY; Path=/; HttpOnly
2024/10/05 10:40:01 Клиент true
2024/10/05 10:40:01 &{200 OK 200 HTTP/1.1 1 1 map[Connection:[keep-alive] Content-Type:[application/json] Date:[Sat, 05 Oct 2024 07:39:58 GMT] Keep-Alive:[timeout=5]] 0xc00002e4c0 -1 [chunked] false false map[] 0xc00008ea20 <nil>}
2024/10/05 10:40:16 Куки connect.sid=s%3AJrbytsofHV0MRpC76FY63HA1MIapx6HP.ZwOV4AGv8o7Ax0XYGeBDxGi5Xk45udJKxQ2ApgWMZh8; Path=/; HttpOnly
2024/10/05 10:40:16 Клиент true
2024/10/05 10:40:17 &{200 OK 200 HTTP/1.1 1 1 map[Connection:[keep-alive] Content-Type:[application/json] Date:[Sat, 05 Oct 2024 07:40:14 GMT] Keep-Alive:[timeout=5]] 0xc00002e540 -1 [chunked] false false map[] 0xc0001887e0 <nil>}
2024/10/05 10:41:03 Куки connect.sid=s%3AhErfY5wW5sGYgN1ZsTPkWmx7i0cNz3Xr.Zlm50uEopDLrjyi330e2z5m0BChNxHvrHwynlSTlHvk; Path=/; HttpOnly
2024/10/05 10:41:03 Клиент true
2024/10/05 10:41:03 &{200 OK 200 HTTP/1.1 1 1 map[Connection:[keep-alive] Content-Type:[application/json] Date:[Sat, 05 Oct 2024 07:41:01 GMT] Keep-Alive:[timeout=5]] 0xc000096080 -1 [chunked] false false map[] 0xc000246120 <nil>}
2024/10/05 10:41:39 Куки connect.sid=s%3AmjBNvPLyxpMjbYkuEEpWvP58nnmf0k7Z.T0yd%2BcmQ%2F6kyPi3DvIHg7yfwGUvwGE0F2gAZml6fi8w; Path=/; HttpOnly
2024/10/05 10:41:39 Клиент true
2024/10/05 10:41:40 &{200 OK 200 HTTP/1.1 1 1 map[Connection:[keep-alive] Content-Type:[application/json] Date:[Sat, 05 Oct 2024 07:41:37 GMT] Keep-Alive:[timeout=5]] 0xc0000a4180 -1 [chunked] false false map[] 0xc000118a20 <nil>}
2024/10/05 10:45:03 Куки connect.sid=s%3AhGWoVgSDrKyI_cXPiMxrYzpKt6viFm9c.HTCd8QAqee8HK51cAJEVrtaXLHSpAf5qsULoeN40Y94; Path=/; HttpOnly
2024/10/05 10:45:03 Клиент true
2024/10/05 10:45:03 &{200 OK 200 HTTP/1.1 1 1 map[Connection:[keep-alive] Content-Type:[application/json] Date:[Sat, 05 Oct 2024 07:45:00 GMT] Keep-Alive:[timeout=5]] 0xc00002e280 -1 [chunked] false false map[] 0xc0000d2a20 <nil>}
2024/10/05 10:45:31 Куки connect.sid=s%3AYE1k54fWjNaHi7dx9rCWNk3QRmPCJfuj.qzC32vO3yV5C3izs3dOwRjuM7nWzHeR3KxM%2FuzUDjho; Path=/; HttpOnly
2024/10/05 10:45:31 Клиент true
2024/10/05 10:45:31 &{200 OK 200 HTTP/1.1 1 1 map[Connection:[keep-alive] Content-Type:[application/json] Date:[Sat, 05 Oct 2024 07:45:29 GMT] Keep-Alive:[timeout=5]] 0xc0000a41c0 -1 [chunked] false false map[] 0xc0001d0120 <nil>}
2024/10/05 10:49:11 Куки connect.sid=s%3A9dID5xmDhx8FwecF-zMSWTNvOxzPiIXh.4LHsnlSqkkSPsiQ%2B33yAPDOaRBY4PDwPv3h%2B%2FAKpJgc; Path=/; HttpOnly
2024/10/05 10:49:11 Клиент true
2024/10/05 10:49:11 &{200 OK 200 HTTP/1.1 1 1 map[Connection:[keep-alive] Content-Type:[application/json] Date:[Sat, 05 Oct 2024 07:49:08 GMT] Keep-Alive:[timeout=5]] 0xc00009c100 -1 [chunked] false false map[] 0xc00018cfc0 <nil>}
2024/10/05 10:49:19 Куки connect.sid=s%3ARPrM6xRdWbGgw5xUfc1Kx9W3kdvjx5LS.RYKf5wH7jc%2FNt7awaNXruDXrflH0xI4zjjWv4UxkE3Y; Path=/; HttpOnly
2024/10/05 10:49:19 Клиент true
2024/10/05 10:49:20 &{200 OK 200 HTTP/1.1 1 1 map[Connection:[keep-alive] Content-Type:[application/json] Date:[Sat, 05 Oct 2024 07:49:17 GMT] Keep-Alive:[timeout=5]] 0xc000186040 -1 [chunked] false false map[] 0xc00011afc0 <nil>}
2024/10/05 10:49:26 Куки connect.sid=s%3A9XkYJ0MCd_MXFz5d0bDhfWR9q4qvUqpJ.aBOqvouIM5Bm2buxGs3tELmYQGRa52hzNbb9F9B9MQc; Path=/; HttpOnly
2024/10/05 10:49:26 Клиент true
2024/10/05 10:49:27 &{200 OK 200 HTTP/1.1 1 1 map[Connection:[keep-alive] Content-Type:[application/json] Date:[Sat, 05 Oct 2024 07:49:24 GMT] Keep-Alive:[timeout=5]] 0xc00002e4c0 -1 [chunked] false false map[] 0xc0000926c0 <nil>}
2024/10/05 10:49:44 Куки connect.sid=s%3AMWaL-ORJnspY-GVF40_mFUkaGaoj9Ohj.1RiDlULU3bOWWrmX5Xa%2FZcwGdOQ5%2FOKw%2FoJWh54ndpc; Path=/; HttpOnly
2024/10/05 10:49:44 Клиент true
2024/10/05 10:49:44 &{200 OK 200 HTTP/1.1 1 1 map[Connection:[keep-alive] Content-Type:[application/json] Date:[Sat, 05 Oct 2024 07:49:42 GMT] Keep-Alive:[timeout=5]] 0xc0000a4180 -1 [chunked] false false map[] 0xc0001c6120 <nil>}
2024/10/05 10:53:40 Куки connect.sid=s%3AtciVio4EiFrY8wEQ713ji6hKIAg26GpN.p9eVh34miT3fhD%2FzBSuVeONLc6Ud0farrXbKpNmuEvc; Path=/; HttpOnly
2024/10/05 10:53:40 Клиент true
2024/10/05 10:53:40 &{200 OK 200 HTTP/1.1 1 1 map[Connection:[keep-alive] Content-Type:[application/json] Date:[Sat, 05 Oct 2024 07:53:37 GMT] Keep-Alive:[timeout=5]] 0xc000196080 -1 [chunked] false false map[] 0xc00022e120 <nil>}
2024/10/05 10:54:11 Куки connect.sid=s%3ArL2NAk1hkwMC6XVuhapoGEVSyx6wRN6U.r%2B5xt5lFM0DonqnxWagHG4wwYCtLkOKM5Q4UXNjG7Qc; Path=/; HttpOnly
2024/10/05 10:54:11 Клиент true
2024/10/05 10:54:11 &{200 OK 200 HTTP/1.1 1 1 map[Connection:[keep-alive] Content-Type:[application/json] Date:[Sat, 05 Oct 2024 07:54:09 GMT] Keep-Alive:[timeout=5]] 0xc00002e540 -1 [chunked] false false map[] 0xc0000927e0 <nil>}
2024/10/05 10:55:00 Куки connect.sid=s%3AcEfzK9EYvZapRJeW-PiZc44ixdutVmUv.EJKZ9%2FKSInN358B%2FfWIgj37dSqg9yJUeAp1cXqqhYP8; Path=/; HttpOnly
2024/10/05 10:55:00 Клиент true
2024/10/05 10:55:01 &{200 OK 200 HTTP/1.1 1 1 map[Connection:[keep-alive] Content-Type:[application/json] Date:[Sat, 05 Oct 2024 07:54:58 GMT] Keep-Alive:[timeout=5]] 0xc00020e040 -1 [chunked] false false map[] 0xc00018c7e0 <nil>}
2024/10/05 10:55:47 Куки connect.sid=s%3AXnmUayIorIOGdbe4y-HrBC3Aqpbk1zYy.f1JMc3BzGUHYvob4yj4IMJkciJMsi42Z78GquU0193g; Path=/; HttpOnly
2024/10/05 10:55:47 Клиент true
2024/10/05 10:55:47 &{200 OK 200 HTTP/1.1 1 1 map[Connection:[keep-alive] Content-Type:[application/json] Date:[Sat, 05 Oct 2024 07:55:44 GMT] Keep-Alive:[timeout=5]] 0xc00009e480 -1 [chunked] false false map[] 0xc00006a6c0 <nil>}
2024/10/05 10:56:47 Куки connect.sid=s%3AF_V6O2B64h4YNrZGaPDAipCdeddCgPG7.nGbw8cvx3aa3pC3DucLwjsIXmAqpOgSOVUpdy0HpCZk; Path=/; HttpOnly
2024/10/05 10:56:47 Клиент true
2024/10/05 10:56:47 &{200 OK 200 HTTP/1.1 1 1 map[Connection:[keep-alive] Content-Type:[application/json] Date:[Sat, 05 Oct 2024 07:56:44 GMT] Keep-Alive:[timeout=5]] 0xc00002e500 -1 [chunked] false false map[] 0xc0001886c0 <nil>}
2024/10/05 10:58:10 Куки connect.sid=s%3AlaGd5Pg2B2p5tOIab1yJE1kgjd1QWCBQ.00lht8Fv0EmGLhbfULaCkZLUsHvTKMXHMBht3SzkXzM; Path=/; HttpOnly
2024/10/05 10:58:10 Клиент true
2024/10/05 10:58:10 &{200 OK 200 HTTP/1.1 1 1 map[Connection:[keep-alive] Content-Type:[application/json] Date:[Sat, 05 Oct 2024 07:58:07 GMT] Keep-Alive:[timeout=5]] 0xc00002e4c0 -1 [chunked] false false map[] 0xc0000925a0 <nil>}
2024/10/05 11:00:38 Куки connect.sid=s%3AU-4uHHquGikBNHzswTbgha50NSSYQj1o.CJkBIl8xFB2A7T4th72GlzXnNz4GvKG7o8gbnGDyU5Y; Path=/; HttpOnly
2024/10/05 11:00:38 Клиент true
2024/10/05 11:00:39 &{200 OK 200 HTTP/1.1 1 1 map[Connection:[keep-alive] Content-Type:[application/json] Date:[Sat, 05 Oct 2024 08:00:36 GMT] Keep-Alive:[timeout=5]] 0xc0000a41c0 -1 [chunked] false false map[] 0xc000118a20 <nil>}
2024/10/05 11:38:57 Куки connect.sid=s%3AByO0PjOaVI1MyoLJlUnPy3-LVQRm0nkx.aziOeXkPLShwOk8rMdMU%2FfK1oHW%2BuE%2BdcmRL7gXTZoI; Path=/; HttpOnly
2024/10/05 11:38:57 Клиент true
2024/10/05 11:38:57 &{200 OK 200 HTTP/1.1 1 1 map[Connection:[keep-alive] Content-Type:[application/json] Date:[Sat, 05 Oct 2024 08:38:54 GMT] Keep-Alive:[timeout=5]] 0xc00009e4c0 -1 [chunked] false false map[] 0xc0001a8120 <nil>}
2024/10/05 11:40:54 Куки connect.sid=s%3A7C2J_up3kihYaiTA2y77KlzLi4P-qeY-.hN2gf8Kc%2BH4p89eEqHVzs6KXR7MGcO%2BnGnv%2FXp0bOkM; Path=/; HttpOnly
2024/10/05 11:40:54 Клиент true
2024/10/05 11:40:55 &{200 OK 200 HTTP/1.1 1 1 map[Connection:[keep-alive] Content-Type:[application/json] Date:[Sat, 05 Oct 2024 08:40:52 GMT] Keep-Alive:[timeout=5]] 0xc00002e4c0 -1 [chunked] false false map[] 0xc0001c6120 <nil>}
2024/10/05 11:51:18 Куки connect.sid=s%3AOdqdH_dHwMW1imQSbW5JMMKvRQEtCSpe.zN58hubfDJgLhR6KHwwyPseC9U65xi283myX9yUW5Kc; Path=/; HttpOnly
2024/10/05 11:51:18 Клиент true
2024/10/05 11:51:19 &{200 OK 200 HTTP/1.1 1 1 map[Connection:[keep-alive] Content-Type:[application/json] Date:[Sat, 05 Oct 2024 08:51:16 GMT] Keep-Alive:[timeout=5]] 0xc00018a080 -1 [chunked] false false map[] 0xc0000d30e0 <nil>}
2024/10/05 11:51:57 Куки connect.sid=s%3A1dL6IAbjteMU3B53rI2BI--mdORWw0LU.%2B%2FT8SpbhXwLMRAy0jY1%2BL3xl596Hz9x%2BF408tMofOnk; Path=/; HttpOnly
2024/10/05 11:51:57 Клиент true
2024/10/05 11:51:58 &{200 OK 200 HTTP/1.1 1 1 map[Connection:[keep-alive] Content-Type:[application/json] Date:[Sat, 05 Oct 2024 08:51:55 GMT] Keep-Alive:[timeout=5]] 0xc00009e400 -1 [chunked] false false map[] 0xc0001d0120 <nil>}
2024/10/05 11:52:52 Куки connect.sid=s%3AjELZXG4DG2NRBYUarNMXdm9SdmfDRPrr.X5DN3rYuQnb1%2Bn2Zk7EVPDZiFNegfZOFJAAzfV7nkG8; Path=/; HttpOnly
2024/10/05 11:52:52 Клиент true
2024/10/05 11:52:53 &{200 OK 200 HTTP/1.1 1 1 map[Connection:[keep-alive] Content-Type:[application/json] Date:[Sat, 05 Oct 2024 08:52:50 GMT] Keep-Alive:[timeout=5]] 0xc00018e0c0 -1 [chunked] false false map[] 0xc0000926c0 <nil>}
2024/10/05 11:54:50 Куки connect.sid=s%3AN_MRSPOQkKZgEWOtVfM8nFM18gpn5hxL.KpWB6Mix7gjsWfG%2BlxDMK74x4NwNqSlepLs6zG%2Byvss; Path=/; HttpOnly
2024/10/05 11:54:50 Клиент true
2024/10/05 11:54:51 &{200 OK 200 HTTP/1.1 1 1 map[Connection:[keep-alive] Content-Type:[application/json] Date:[Sat, 05 Oct 2024 08:54:47 GMT] Keep-Alive:[timeout=5]] 0xc00002e180 -1 [chunked] false false map[] 0xc000204120 <nil>}
2024/10/05 11:55:39 Куки connect.sid=s%3ADeHulYB-cMYkX6yNfXCfwneOBiX96UOg.KHWHBTrcpKYkdYKUfDBCh6WT6CWtf7L1gN43CJ71HeY; Path=/; HttpOnly
2024/10/05 11:55:40 Клиент true
2024/10/05 11:55:40 &{200 OK 200 HTTP/1.1 1 1 map[Connection:[keep-alive] Content-Type:[application/json] Date:[Sat, 05 Oct 2024 08:55:37 GMT] Keep-Alive:[timeout=5]] 0xc000098480 -1 [chunked] false false map[] 0xc00018c5a0 <nil>}
2024/10/05 11:55:56 Куки connect.sid=s%3A--S8vajZtnTt6fpmTdTWtVRbeQaUI-3L.R8TYOpMeUolmYSmIbnJPaIFFFYYjP8lXZ7NQio7V4tU; Path=/; HttpOnly
2024/10/05 11:55:56 Клиент true
2024/10/05 11:55:57 &{200 OK 200 HTTP/1.1 1 1 map[Connection:[keep-alive] Content-Type:[application/json] Date:[Sat, 05 Oct 2024 08:55:53 GMT] Keep-Alive:[timeout=5]] 0xc00018e040 -1 [chunked] false false map[] 0xc000118a20 <nil>}
2024/10/05 11:56:33 Куки connect.sid=s%3AnmHQUs3TNAukHb_VYVhxHIIETFmvjbak.mdvgElnjyUeFUOP0YZWdbiwgURgxSPhPzoPkSvZNPwY; Path=/; HttpOnly
2024/10/05 11:56:33 Клиент true
2024/10/05 11:56:34 &{200 OK 200 HTTP/1.1 1 1 map[Connection:[keep-alive] Content-Type:[application/json] Date:[Sat, 05 Oct 2024 08:56:31 GMT] Keep-Alive:[timeout=5]] 0xc00020e040 -1 [chunked] false false map[] 0xc0001a47e0 <nil>}
2024/10/05 13:39:41 Куки connect.sid=s%3A6fcWrrsgH5IIi8Df8-Qijy6fbqL37KQr.ATiQBL4m0ccBTOnu%2BkMIW%2FggcGGg3QTtqbVHxAp21CU; Path=/; HttpOnly
2024/10/05 13:39:41 Клиент true
2024/10/05 13:39:41 &{200 OK 200 HTTP/1.1 1 1 map[Connection:[keep-alive] Content-Type:[application/json] Date:[Sat, 05 Oct 2024 10:39:38 GMT] Keep-Alive:[timeout=5]] 0xc00019a1c0 -1 [chunked] false false map[] 0xc0000d0120 <nil>}
2024/10/05 13:41:36 Куки connect.sid=s%3Ajj5_VehOhP7_OATHj_NxVL-vgL5gaeQO.nG1Bx8gQ6gDsLeG1fDJJui1JJlkEo6tNO1IGuGhWRSI; Path=/; HttpOnly
2024/10/05 13:41:36 Клиент true
2024/10/05 13:41:37 &{200 OK 200 HTTP/1.1 1 1 map[Connection:[keep-alive] Content-Type:[application/json] Date:[Sat, 05 Oct 2024 10:41:33 GMT] Keep-Alive:[timeout=5]] 0xc00002e480 -1 [chunked] false false map[] 0xc0001887e0 <nil>}
2024/10/05 13:42:33 Куки connect.sid=s%3AYT9oUeQ31nhc6D1fvK0KzBAxpM6GFEX5.2ffA54fY8p8pPWWYk8jxBTUKm0Nxkm3eCMpA3JTNP4E; Path=/; HttpOnly
2024/10/05 13:42:33 Клиент true
2024/10/05 13:42:34 &{200 OK 200 HTTP/1.1 1 1 map[Connection:[keep-alive] Content-Type:[application/json] Date:[Sat, 05 Oct 2024 10:42:30 GMT] Keep-Alive:[timeout=5]] 0xc00002e500 -1 [chunked] false false map[] 0xc000118a20 <nil>}
2024/10/05 13:43:51 Куки connect.sid=s%3Ava-AxPEPpw9P_Zxes_7Z-xADGbXyXHq1.MfK9klvjzPsawSHBkXF9FkmxxPc2LnUdTXBir6L3dYk; Path=/; HttpOnly
2024/10/05 13:43:51 Клиент true
2024/10/05 13:43:51 &{200 OK 200 HTTP/1.1 1 1 map[Connection:[keep-alive] Content-Type:[application/json] Date:[Sat, 05 Oct 2024 10:43:48 GMT] Keep-Alive:[timeout=5]] 0xc00002e540 -1 [chunked] false false map[] 0xc000184000 <nil>}
2024/10/05 13:45:05 Куки connect.sid=s%3AJi60-CKW0m7m9O94-Q2IFaOlbyJR_KEU.AEohHj2186dxh8CmhwYmhVc7SIjaETwdGg3USXV%2BpvE; Path=/; HttpOnly
2024/10/05 13:45:05 Клиент true
2024/10/05 13:45:26 Куки connect.sid=s%3Aa-RkE6Iblk-HrbWF0aaLGLGr9WKZxzwn.MeS3taCrKpKIoxsZWgCQ2APk1CUX44thQhSsTm4Z8do; Path=/; HttpOnly
2024/10/05 13:45:26 Клиент true
2024/10/05 13:45:26 &{200 OK 200 HTTP/1.1 1 1 map[Connection:[keep-alive] Content-Type:[application/json] Date:[Sat, 05 Oct 2024 10:45:23 GMT] Keep-Alive:[timeout=5]] 0xc00002e500 -1 [chunked] false false map[] 0xc0000926c0 <nil>}
2024/10/05 13:45:39 Куки connect.sid=s%3AodccS8r2IdEIqvHpxbjBNyxbIUI8zVF3.xADl03OogW1MMu1sVkFlSCGRsmhXETNWLefj2lgQESk; Path=/; HttpOnly
2024/10/05 13:45:39 Клиент true
2024/10/05 13:45:39 &{200 OK 200 HTTP/1.1 1 1 map[Connection:[keep-alive] Content-Type:[application/json] Date:[Sat, 05 Oct 2024 10:45:36 GMT] Keep-Alive:[timeout=5]] 0xc00002e500 -1 [chunked] false false map[] 0xc0001ba120 <nil>}
2024/10/05 13:46:15 Куки connect.sid=s%3AubiYE4CiuBIukeFTkxHlC5E4q6nQ3Nnv.bo0hruYUMn38JSxO5lHvvsuMWtDYMb96vEFdUI8ce%2B8; Path=/; HttpOnly
2024/10/05 13:46:15 Клиент true
2024/10/05 13:46:16 &{200 OK 200 HTTP/1.1 1 1 map[Connection:[keep-alive] Content-Type:[application/json] Date:[Sat, 05 Oct 2024 10:46:12 GMT] Keep-Alive:[timeout=5]] 0xc00002e500 -1 [chunked] false false map[] 0xc0000927e0 <nil>}
2024/10/05 13:46:46 Куки connect.sid=s%3AvY5fJcVmJFvcXKVujJqJ1IFlDhjF1L0a.zX%2BAVUnSLSJvx32dewBRcyx0S3F9f9OYlhPIBX5l4Sk; Path=/; HttpOnly
2024/10/05 13:46:46 Клиент true
2024/10/05 13:46:47 &{200 OK 200 HTTP/1.1 1 1 map[Connection:[keep-alive] Content-Type:[application/json] Date:[Sat, 05 Oct 2024 10:46:43 GMT] Keep-Alive:[timeout=5]] 0xc000098040 -1 [chunked] false false map[] 0xc0001887e0 <nil>}
2024/10/05 13:47:27 Куки connect.sid=s%3AKgoCk2hJ6N686zXKuAh3vw48FSrhCKsU.XedSf%2Bj1bQZoH781X40c0KWViBquQmAVCOFU1CEMwQo; Path=/; HttpOnly
2024/10/05 13:47:27 Клиент true
2024/10/05 13:47:27 &{200 OK 200 HTTP/1.1 1 1 map[Connection:[keep-alive] Content-Type:[application/json] Date:[Sat, 05 Oct 2024 10:47:24 GMT] Keep-Alive:[timeout=5]] 0xc0000a41c0 -1 [chunked] false false map[] 0xc000118a20 <nil>}
2024/10/05 13:49:25 Куки connect.sid=s%3Ap3ItChd0Ml1Q3IQnK9sN311cHpRJGlzl.zDvZVj5fOrHZ4sJqwnK%2FwkQic1uYf%2BVbSbVXVjWLyOw; Path=/; HttpOnly
2024/10/05 13:49:25 Клиент true
2024/10/05 13:49:26 &{200 OK 200 HTTP/1.1 1 1 map[Connection:[keep-alive] Content-Type:[application/json] Date:[Sat, 05 Oct 2024 10:49:22 GMT] Keep-Alive:[timeout=5]] 0xc000222040 -1 [chunked] false false map[] 0xc0000d2a20 <nil>}
2024/10/05 13:52:00 Куки connect.sid=s%3ApTUMN5D3PAJYCNw6sQerdTP1XwD9o7PS.FXVxJbn%2BcDfr4J9L9JSEnXTMeZ0OynrTgsHByIvqRE4; Path=/; HttpOnly
2024/10/05 13:52:00 Клиент true
2024/10/05 13:52:01 &{200 OK 200 HTTP/1.1 1 1 map[Connection:[keep-alive] Content-Type:[application/json] Date:[Sat, 05 Oct 2024 10:51:57 GMT] Keep-Alive:[timeout=5]] 0xc0001a8080 -1 [chunked] false false map[] 0xc000118a20 <nil>}
2024/10/05 13:57:50 Куки connect.sid=s%3AtIO7NwM56LhfrE1pq4FL6byx-TboG_5J.KWosxlaCjjzSt3plblS%2FXusN%2BFh4CEVSTVbvEb57BbU; Path=/; HttpOnly
2024/10/05 13:57:50 Клиент true
2024/10/05 13:57:51 &{200 OK 200 HTTP/1.1 1 1 map[Connection:[keep-alive] Content-Type:[application/json] Date:[Sat, 05 Oct 2024 10:57:47 GMT] Keep-Alive:[timeout=5]] 0xc00019a200 -1 [chunked] false false map[] 0xc000246120 <nil>}
2024/10/05 13:58:21 Куки connect.sid=s%3ArNb69-wjian5fCPTFGboMpvD70MQAUU0.NMXi2naZWbgv1BTYM2hT%2BoV5yJyncnaxvluwjzr5DvA; Path=/; HttpOnly
2024/10/05 13:58:21 Клиент true
2024/10/05 13:58:22 &{200 OK 200 HTTP/1.1 1 1 map[Connection:[keep-alive] Content-Type:[application/json] Date:[Sat, 05 Oct 2024 10:58:18 GMT] Keep-Alive:[timeout=5]] 0xc0000a01c0 -1 [chunked] false false map[] 0xc000118a20 <nil>}
2024/10/05 13:59:46 Куки connect.sid=s%3AEVjLx3QAcd3lH2GMr8IA3cdYuPa4dZV1.MwCvaYu%2BVKhDlcmoKR%2BgHDrXCnDqGWPQYgFBmR2evhY; Path=/; HttpOnly
2024/10/05 13:59:46 Клиент true
2024/10/05 13:59:47 &{200 OK 200 HTTP/1.1 1 1 map[Connection:[keep-alive] Content-Type:[application/json] Date:[Sat, 05 Oct 2024 10:59:43 GMT] Keep-Alive:[timeout=5]] 0xc0000a4180 -1 [chunked] false false map[] 0xc0001c6120 <nil>}
2024/10/05 14:00:00 Куки connect.sid=s%3A-tVDMWko4BRdY4ELwoxcki4vOtv-2Ql6.NaWMrdW%2B2nqByBlrt9jqdSLgQ4yN1aveNzN2f45p9jk; Path=/; HttpOnly
2024/10/05 14:00:00 Клиент true
2024/10/05 14:00:00 &{200 OK 200 HTTP/1.1 1 1 map[Connection:[keep-alive] Content-Type:[application/json] Date:[Sat, 05 Oct 2024 10:59:57 GMT] Keep-Alive:[timeout=5]] 0xc00002e240 -1 [chunked] false false map[] 0xc000246120 <nil>}
2024/10/05 14:00:41 Куки connect.sid=s%3AFxE9s21VmZ_49G_UvNEOySJkGw-8XnGJ.P4trdxesIVhwde9%2B95FB5ekM3bt5deGlWpveBpqAnLg; Path=/; HttpOnly
2024/10/05 14:00:41 Клиент true
2024/10/05 14:00:41 &{200 OK 200 HTTP/1.1 1 1 map[Connection:[keep-alive] Content-Type:[application/json] Date:[Sat, 05 Oct 2024 11:00:38 GMT] Keep-Alive:[timeout=5]] 0xc0000a41c0 -1 [chunked] false false map[] 0xc000118a20 <nil>}
2024/10/05 14:00:56 Куки connect.sid=s%3AFCKWAXsKnEBj3il4PwLqUtcgQxEFnTZd.in4TWOJbN0f09shkzrLWCD5BGP2VYULpKlKx7yXEuZo; Path=/; HttpOnly
2024/10/05 14:00:56 Клиент true
2024/10/05 14:00:56 &{200 OK 200 HTTP/1.1 1 1 map[Connection:[keep-alive] Content-Type:[application/json] Date:[Sat, 05 Oct 2024 11:00:52 GMT] Keep-Alive:[timeout=5]] 0xc00002e4c0 -1 [chunked] false false map[] 0xc0001c8120 <nil>}
2024/10/05 14:05:11 Куки connect.sid=s%3APKKM4FgOLf4CUeTFKwiazrk35xfiCMPf.YVDq549%2BxQE%2Bwp%2FvnXFFobILWXSGZROWMxw06igR7NA; Path=/; HttpOnly
2024/10/05 14:05:11 Клиент true
2024/10/05 14:05:12 &{200 OK 200 HTTP/1.1 1 1 map[Connection:[keep-alive] Content-Type:[application/json] Date:[Sat, 05 Oct 2024 11:05:08 GMT] Keep-Alive:[timeout=5]] 0xc00002e540 -1 [chunked] false false map[] 0xc0001a8120 <nil>}
2024/10/05 14:06:00 Куки connect.sid=s%3Ag1-viElKpLd5N6aeXfOOjvGEsmE7petj.HJRisEJ9p0dozwuqgXE0X3F%2BW%2Fm48Kot24Q0II%2Fcp%2Fs; Path=/; HttpOnly
2024/10/05 14:06:00 Клиент true
2024/10/05 14:06:01 &{200 OK 200 HTTP/1.1 1 1 map[Connection:[keep-alive] Content-Type:[application/json] Date:[Sat, 05 Oct 2024 11:05:57 GMT] Keep-Alive:[timeout=5]] 0xc00002e600 -1 [chunked] false false map[] 0xc00023a120 <nil>}
2024/10/05 14:12:18 Куки connect.sid=s%3AM6oMMEhfilbrODh5k9xiasrywFBJPJ8Q.386LS88VmmE3BrJ4tFv1juYpX5gOckC4pBuJxVUwG48; Path=/; HttpOnly
2024/10/05 14:12:18 Клиент true
2024/10/05 14:12:19 &{200 OK 200 HTTP/1.1 1 1 map[Connection:[keep-alive] Content-Type:[application/json] Date:[Sat, 05 Oct 2024 11:12:15 GMT] Keep-Alive:[timeout=5]] 0xc0000a41c0 -1 [chunked] false false map[] 0xc000118a20 <nil>}
2024/10/05 14:13:37 Куки connect.sid=s%3A80c_ZODs6CtOJbUarr-JJuNUq0-0qJnY.7LAbtAf1oMWdJnNDSkfvDBqJkVB5uI4uSn4nnzqz0fw; Path=/; HttpOnly
2024/10/05 14:13:37 Клиент true
2024/10/05 14:13:38 &{200 OK 200 HTTP/1.1 1 1 map[Connection:[keep-alive] Content-Type:[application/json] Date:[Sat, 05 Oct 2024 11:13:34 GMT] Keep-Alive:[timeout=5]] 0xc00009e480 -1 [chunked] false false map[] 0xc00006a6c0 <nil>}
2024/10/05 14:15:32 Куки connect.sid=s%3AwArgnme74G6F8zEMwF-AmgDQ2_Hqcikb.sqxpgn%2BZMkCjrO%2FNnL3bnm5eSZVIVvSGArzyrNs2WYw; Path=/; HttpOnly
2024/10/05 14:15:32 Клиент true
2024/10/05 14:15:32 &{200 OK 200 HTTP/1.1 1 1 map[Connection:[keep-alive] Content-Type:[application/json] Date:[Sat, 05 Oct 2024 11:15:29 GMT] Keep-Alive:[timeout=5]] 0xc00002e640 -1 [chunked] false false map[] 0xc0001c0120 <nil>}
2024/10/05 14:16:28 Куки connect.sid=s%3AXuRmyVuL7_MlGs-OjxVj5upUXliMlSWb.8EfJBNeJ4pJRdNCsQjOsnCCVshHhpzjGPP7vrKfaIoA; Path=/; HttpOnly
2024/10/05 14:16:28 Клиент true
2024/10/05 14:16:28 &{200 OK 200 HTTP/1.1 1 1 map[Connection:[keep-alive] Content-Type:[application/json] Date:[Sat, 05 Oct 2024 11:16:25 GMT] Keep-Alive:[timeout=5]] 0xc00021a180 -1 [chunked] false false map[] 0xc0001ce120 <nil>}
2024/10/05 14:17:37 Куки connect.sid=s%3AHPBUjf43fvmZgMgjJFYT6wrSa7slqslk.xFfWU7sniScmrCOhfe2AlBmUGss9Ibj045%2B6rfOiCT0; Path=/; HttpOnly
2024/10/05 14:17:37 Клиент true
2024/10/05 14:17:37 &{200 OK 200 HTTP/1.1 1 1 map[Connection:[keep-alive] Content-Type:[application/json] Date:[Sat, 05 Oct 2024 11:17:34 GMT] Keep-Alive:[timeout=5]] 0xc00018e040 -1 [chunked] false false map[] 0xc000118a20 <nil>}
2024/10/05 14:17:54 Куки connect.sid=s%3AJpz96xjd2azO7O02K6lKJA4Xwj8pQmjT.4tvT4dSXbdXBktfB8%2Bw2RYE7xWD3%2Br800XE%2BBW5g1XQ; Path=/; HttpOnly
2024/10/05 14:17:54 Клиент true
2024/10/05 14:17:55 &{200 OK 200 HTTP/1.1 1 1 map[Connection:[keep-alive] Content-Type:[application/json] Date:[Sat, 05 Oct 2024 11:17:51 GMT] Keep-Alive:[timeout=5]] 0xc00009e480 -1 [chunked] false false map[] 0xc0001ce120 <nil>}
2024/10/05 14:19:00 Куки connect.sid=s%3AWMGRYiKZrzS0T2yJL1cvZ4s6r-ABO7qV.UwD%2Bb1YvgRZtdQN0pM6MAZIu4O%2B96xzJoLv5w6KWwzE; Path=/; HttpOnly
2024/10/05 14:19:00 Клиент true
2024/10/05 14:19:00 &{200 OK 200 HTTP/1.1 1 1 map[Connection:[keep-alive] Content-Type:[application/json] Date:[Sat, 05 Oct 2024 11:18:57 GMT] Keep-Alive:[timeout=5]] 0xc00002e540 -1 [chunked] false false map[] 0xc00019a120 <nil>}
2024/10/05 14:19:19 Куки connect.sid=s%3A_5xxAeUSkjSFdKEuDDDIFOt-ndOkubUw.FhtTfn%2BocYw%2BpipkD97Grv42s%2FUqCrRG%2FMXFhRGWWzs; Path=/; HttpOnly
2024/10/05 14:19:19 Клиент true
2024/10/05 14:19:20 &{200 OK 200 HTTP/1.1 1 1 map[Connection:[keep-alive] Content-Type:[application/json] Date:[Sat, 05 Oct 2024 11:19:16 GMT] Keep-Alive:[timeout=5]] 0xc00018e040 -1 [chunked] false false map[] 0xc00008e7e0 <nil>}
2024/10/05 14:26:55 Куки connect.sid=s%3A87PWxRZnLIzxhJPdp2SWvqtVv8u-QxYn.resZWkTykoodcyOULe5islfupJ8W32HhCxtSB1YUiXY; Path=/; HttpOnly
2024/10/05 14:26:55 Клиент true
2024/10/05 14:32:51 Куки connect.sid=s%3AqsQPYlmQxgPRABTfqUcSFjRCPjqYjpwC.EhX7Tk9xzyU6kRaZFG5TeKrF7Y0Y%2BXMX2Yzgv%2FQp%2B14; Path=/; HttpOnly
2024/10/05 14:32:51 Клиент true
2024/10/05 21:49:47 Куки connect.sid=s%3Avdt5Abi7XepuUxGqLLf1uXF3Sic77rm3.%2FJoY0mg8voN902xDMWW%2FeqXvJJUIKiW%2BY3vzLZsQ8KA; Path=/; HttpOnly
2024/10/05 21:49:47 Клиент true
2024/10/05 21:50:42 Куки connect.sid=s%3A_ztUhgEC4G3GUSHQqAj3-iUW42G2ZOrX.2HzhleCyyGhYiWYoZdb8%2F42swlpEKpDnJNA4Bwd8aCo; Path=/; HttpOnly
2024/10/05 21:50:42 Клиент true
2024/10/05 21:51:08 Куки connect.sid=s%3AIDuO9IvJ3RYQODKhuU1Spzm7oRX41TCC.FKhzlEcozG6FU1To1aSrvZqxpqdWSMz8Blc1fTY8BCI; Path=/; HttpOnly
2024/10/05 21:51:08 Клиент true
2024/10/05 21:55:08 Куки connect.sid=s%3ATw4GLpd6_zOHfjRc9j-n0pe-9I1AkLe6.%2F%2F9Uy4iz29zawwm1Kj9zGtf%2B9rd3%2F9ZJFA8ZwUsWoHY; Path=/; HttpOnly
2024/10/05 21:55:08 Клиент true
2024/10/05 22:03:38 Куки connect.sid=s%3AaHoV4RWLfPuLp2S_-PTSj2mn8F0uZ2el.FxWATlGiCoNx0FvSVcExcATorH8WN6GUKARZneuh1jo; Path=/; HttpOnly
2024/10/05 22:03:38 Клиент true
2024/10/06 10:47:10 Куки connect.sid=s%3AcioegsjyFN838yIbkyUTboVzU4xwEQG4.WP%2FWNclc33OJJsezrBjCoUiSoRJP%2B0QkJ4faOwyKBik; Path=/; HttpOnly
2024/10/06 10:47:10 Клиент true
2024/10/06 10:52:27 Куки connect.sid=s%3AQlnbjOIuT6-cExbSs1gCpXbeT6gg-B75.kbSle60w8UXsKEOOcztOY5uH4JxvFgEkZ0OtufzmjYo; Path=/; HttpOnly
2024/10/06 10:52:27 Клиент true
2024/10/06 10:53:12 Куки connect.sid=s%3A5D8i_ToCsiAxu_2ssOsx9EWkY4rckzYc.JjN%2BCPSmnwa98CkYiJJ8kW%2FRFwb0K%2FbyFsEU3Q5Quu0; Path=/; HttpOnly
2024/10/06 10:53:12 Клиент true
2024/10/06 11:18:18 Куки connect.sid=s%3A62EAgEx_f4KSUXpvjQKrHU5fguvL7fpt.9OGoB8BFCx2hmopk9Ea0w6ApBzYKI2nP9JlOOOS3I6E; Path=/; HttpOnly
2024/10/06 11:18:18 Клиент true
2024/10/08 11:18:43 Куки connect.sid=s%3AFk998MSu95PGEW5jj8X-sLiErzZGq3dK.xmpA1Ukkkevqq8GaAy8CwvHdtoFA9qybZoGLnpNQcqo; Path=/; HttpOnly
2024/10/08 11:18:43 Клиент true
